* using log directory ‘/ebio/abt6/mexposito/popgensim/..Rcheck’
* using R version 3.2.0 (2015-04-16)
* using platform: x86_64-unknown-linux-gnu (64-bit)
* using session charset: UTF-8
* checking for file ‘./DESCRIPTION’ ... OK
* checking extension type ... Package
* this is package ‘popgensim’ version ‘0.0.0.9000’
* package encoding: UTF-8
* checking package namespace information ... OK
* checking package dependencies ... OK
* checking if this is a source package ... OK
* checking if there is a namespace ... OK
* checking for executable files ... OK
* checking for hidden files and directories ... NOTE
Found the following hidden files and directories:
  .Rhistory
  .gitignore
  R/.Rhistory
  ..Rcheck
  .Rproj.user
  .git
These were most likely included in error. See section ‘Package
structure’ in the ‘Writing R Extensions’ manual.
* checking for portable file names ... OK
* checking for sufficient/correct file permissions ... OK
* checking whether package ‘popgensim’ can be installed ... ERROR
Installation failed.
See ‘/ebio/abt6/mexposito/popgensim/..Rcheck/00install.out’ for details.
Status: 1 ERROR, 1 NOTE
